SF:lib\module\wishlist\models\wishlist_item.dart
DA:8,1
DA:14,1
DA:15,2
DA:17,1
DA:18,0
DA:20,1
DA:21,1
DA:22,1
DA:23,2
LF:9
LH:8
end_of_record
SF:lib\module\wishlist\services\wishlist_api_service.dart
DA:7,1
DA:8,3
DA:9,3
DA:10,1
DA:12,4
DA:13,1
DA:15,0
DA:18,1
DA:19,4
DA:20,3
DA:21,2
DA:23,0
DA:24,0
DA:28,1
DA:29,4
DA:30,3
DA:31,0
DA:32,0
DA:36,1
DA:37,3
DA:38,3
DA:39,2
DA:41,0
LF:23
LH:17
end_of_record
SF:lib\services\auth_service.dart
DA:23,1
DA:25,1
DA:26,1
DA:27,1
DA:30,1
DA:31,1
DA:32,1
DA:35,1
DA:36,1
DA:37,1
DA:38,1
DA:39,2
DA:40,1
DA:41,2
DA:42,1
DA:43,1
DA:44,2
DA:45,3
DA:46,2
DA:47,1
DA:54,1
DA:59,2
DA:61,1
DA:62,1
DA:63,1
DA:64,2
DA:67,3
DA:68,4
DA:69,3
DA:70,2
DA:71,1
DA:72,1
DA:74,1
DA:75,2
DA:77,0
DA:80,2
DA:81,3
DA:82,3
DA:83,2
DA:84,2
DA:88,1
DA:91,0
DA:95,1
DA:104,2
DA:106,1
DA:112,0
DA:113,0
DA:115,1
DA:116,1
DA:117,1
DA:118,1
DA:120,3
DA:122,1
DA:125,0
DA:129,1
DA:131,1
DA:132,0
DA:133,0
DA:134,0
DA:135,0
DA:137,0
DA:139,2
DA:143,1
DA:144,2
DA:146,1
DA:147,1
DA:148,1
DA:149,1
DA:153,2
DA:154,1
DA:156,4
DA:157,0
DA:160,1
DA:161,1
DA:162,1
DA:166,1
DA:168,0
DA:169,0
DA:171,1
DA:172,1
DA:174,1
DA:175,4
DA:181,2
DA:182,2
DA:184,1
DA:185,1
DA:186,1
DA:187,1
DA:190,1
DA:192,1
DA:193,1
DA:194,1
DA:195,1
DA:196,7
DA:199,1
DA:200,2
DA:202,1
DA:204,1
DA:205,1
DA:206,1
DA:208,0
DA:211,0
DA:212,0
DA:216,0
DA:218,0
DA:220,0
DA:223,0
DA:225,1
DA:229,0
DA:234,0
DA:236,0
DA:238,0
DA:239,0
DA:240,0
DA:242,0
DA:245,0
DA:247,0
DA:248,0
DA:253,0
DA:254,0
DA:256,0
DA:258,0
DA:261,0
DA:263,0
DA:267,0
DA:272,0
DA:274,0
DA:276,0
DA:277,0
DA:278,0
DA:280,0
DA:283,0
DA:284,0
DA:286,0
DA:289,0
DA:290,0
DA:291,0
DA:293,0
DA:295,0
LF:139
LH:88
end_of_record
SF:lib\module\lapangan\models\lapangan.dart
DA:14,1
DA:26,1
DA:27,1
DA:28,3
DA:31,1
DA:34,2
DA:36,1
DA:37,1
DA:38,1
DA:41,1
DA:42,1
DA:43,2
DA:44,3
DA:46,3
DA:47,1
DA:49,1
DA:51,2
DA:52,2
DA:53,2
DA:54,2
DA:55,2
DA:56,1
DA:57,0
DA:59,2
DA:60,2
LF:25
LH:24
end_of_record
SF:lib\services\http_client_factory_stub.dart
DA:3,0
LF:1
LH:0
end_of_record
